#-----------------------------------------------------------
# Vivado v2022.1 (64-bit)
# SW Build 3526262 on Mon Apr 18 15:48:16 MDT 2022
# IP Build 3524634 on Mon Apr 18 20:55:01 MDT 2022
# Start of session at: Sat Feb 18 21:29:21 2023
# Process ID: 15476
# Current directory: C:/Demo_1602/vivado
# Command line: vivado.exe -mode batch -source make_block_design.tcl -notrace
# Log file: C:/Demo_1602/vivado/vivado.log
# Journal file: C:/Demo_1602/vivado\vivado.jou
# Running On: Envy-16, OS: Windows, CPU Frequency: 2918 MHz, CPU Physical cores: 14, Host memory: 34056 MB
#-----------------------------------------------------------
source make_block_design.tcl -notrace
ERROR: [Common 17-53] User Exception: Project already exists on disk, please use '-force' option to overwrite: 
     C:/Demo_1602/vivado/block_design/block_design.xpr
     C:/Demo_1602/vivado/block_design/block_design.srcs
     C:/Demo_1602/vivado/block_design/block_design.sim
     C:/Demo_1602/vivado/block_design/block_design.cache
     C:/Demo_1602/vivado/block_design/block_design.hw
     C:/Demo_1602/vivado/block_design/block_design.ip_user_files
     C:/Demo_1602/vivado/block_design/block_design.gen
INFO: [Common 17-206] Exiting Vivado at Sat Feb 18 21:29:25 2023...
